2026-03-26 09:14:05,091 - INFO - Request: {'symbol': 'BTCUSDT', 'side': 'BUY', 'type': 'MARKET', 'quantity': 0.002, 'price': None}
2026-03-26 09:14:05,091 - INFO - Response: {'orderId': 12994040297, 'symbol': 'BTCUSDT', 'status': 'NEW', 'clientOrderId': 'x-Cb7ytekJ7f78d08c7d91467527e68', 'price': '0.00', 'avgPrice': '0.00', 'origQty': '0.002', 'executedQty': '0.000', 'cumQty': '0.000', 'cumQuote': '0.00000', 'timeInForce': 'GTC', 'type': 'MARKET', 'reduceOnly': False, 'closePosition': False, 'side': 'BUY', 'positionSide': 'BOTH', 'stopPrice': '0.00', 'workingType': 'CONTRACT_PRICE', 'priceProtect': False, 'origType': 'MARKET', 'priceMatch': 'NONE', 'selfTradePreventionMode': 'EXPIRE_MAKER', 'goodTillDate': 0, 'updateTime': 1774496645882}
2026-03-26 09:14:05,093 - INFO - \u2705 Order placed successfully!
2026-03-26 09:15:09,956 - INFO - Request: {'symbol': 'BTCUSDT', 'side': 'BUY', 'type': 'MARKET', 'quantity': 0.002, 'price': None}
2026-03-26 09:15:09,956 - INFO - Response: {'orderId': 12994042681, 'symbol': 'BTCUSDT', 'status': 'NEW', 'clientOrderId': 'x-Cb7ytekJ9c5499f4e6443520b26ad7', 'price': '0.00', 'avgPrice': '0.00', 'origQty': '0.002', 'executedQty': '0.000', 'cumQty': '0.000', 'cumQuote': '0.00000', 'timeInForce': 'GTC', 'type': 'MARKET', 'reduceOnly': False, 'closePosition': False, 'side': 'BUY', 'positionSide': 'BOTH', 'stopPrice': '0.00', 'workingType': 'CONTRACT_PRICE', 'priceProtect': False, 'origType': 'MARKET', 'priceMatch': 'NONE', 'selfTradePreventionMode': 'EXPIRE_MAKER', 'goodTillDate': 0, 'updateTime': 1774496710713}
2026-03-26 09:15:09,956 - INFO - \u2705 Order placed successfully!
2026-03-26 09:19:14,256 - INFO - Request: {'symbol': 'BTCUSDT', 'side': 'BUY', 'type': 'MARKET', 'quantity': 0.002, 'price': None}
2026-03-26 09:19:15,137 - INFO - Response: {'orderId': 12994051240, 'symbol': 'BTCUSDT', 'status': 'NEW', 'clientOrderId': 'x-Cb7ytekJfc6b93b280488e1791afff', 'price': '0.00', 'avgPrice': '0.00', 'origQty': '0.002', 'executedQty': '0.000', 'cumQty': '0.000', 'cumQuote': '0.00000', 'timeInForce': 'GTC', 'type': 'MARKET', 'reduceOnly': False, 'closePosition': False, 'side': 'BUY', 'positionSide': 'BOTH', 'stopPrice': '0.00', 'workingType': 'CONTRACT_PRICE', 'priceProtect': False, 'origType': 'MARKET', 'priceMatch': 'NONE', 'selfTradePreventionMode': 'EXPIRE_MAKER', 'goodTillDate': 0, 'updateTime': 1774496955925}
2026-03-26 09:19:15,138 - INFO - \u2705 Order placed successfully!
2026-03-26 09:22:56,545 - INFO - Request: {'symbol': 'BTCUSDT', 'side': 'BUY', 'type': 'MARKET', 'quantity': 0.002, 'price': None}
2026-03-26 09:22:57,395 - INFO - Response: {'orderId': 12994058830, 'symbol': 'BTCUSDT', 'status': 'NEW', 'clientOrderId': 'x-Cb7ytekJ759b2d90358b6a605710b7', 'price': '0.00', 'avgPrice': '0.00', 'origQty': '0.002', 'executedQty': '0.000', 'cumQty': '0.000', 'cumQuote': '0.00000', 'timeInForce': 'GTC', 'type': 'MARKET', 'reduceOnly': False, 'closePosition': False, 'side': 'BUY', 'positionSide': 'BOTH', 'stopPrice': '0.00', 'workingType': 'CONTRACT_PRICE', 'priceProtect': False, 'origType': 'MARKET', 'priceMatch': 'NONE', 'selfTradePreventionMode': 'EXPIRE_MAKER', 'goodTillDate': 0, 'updateTime': 1774497178166}
2026-03-26 09:22:57,395 - INFO - \u2705 Order placed successfully!
2026-03-26 09:25:56,284 - INFO - Order Request | Symbol=BTCUSDT, Side=BUY, Type=MARKET, Quantity=0.002, Price=None
2026-03-26 09:25:56,285 - INFO - Response: {'orderId': 12994065443, 'symbol': 'BTCUSDT', 'status': 'NEW', 'clientOrderId': 'x-Cb7ytekJ53a5e2878e06181ca7d6de', 'price': '0.00', 'avgPrice': '0.00', 'origQty': '0.002', 'executedQty': '0.000', 'cumQty': '0.000', 'cumQuote': '0.00000', 'timeInForce': 'GTC', 'type': 'MARKET', 'reduceOnly': False, 'closePosition': False, 'side': 'BUY', 'positionSide': 'BOTH', 'stopPrice': '0.00', 'workingType': 'CONTRACT_PRICE', 'priceProtect': False, 'origType': 'MARKET', 'priceMatch': 'NONE', 'selfTradePreventionMode': 'EXPIRE_MAKER', 'goodTillDate': 0, 'updateTime': 1774497357042}
2026-03-26 09:25:56,285 - INFO - \u2705 Order placed successfully!
2026-03-26 09:29:26,860 - INFO - Order Request | Symbol=BTCUSDT, Side=BUY, Type=MARKET, Quantity=0.002, Price=None
2026-03-26 09:29:27,500 - INFO - Response: {'orderId': 12994072863, 'symbol': 'BTCUSDT', 'status': 'NEW', 'clientOrderId': 'x-Cb7ytekJ7478af4efd995d410575ef', 'price': '0.00', 'avgPrice': '0.00', 'origQty': '0.002', 'executedQty': '0.000', 'cumQty': '0.000', 'cumQuote': '0.00000', 'timeInForce': 'GTC', 'type': 'MARKET', 'reduceOnly': False, 'closePosition': False, 'side': 'BUY', 'positionSide': 'BOTH', 'stopPrice': '0.00', 'workingType': 'CONTRACT_PRICE', 'priceProtect': False, 'origType': 'MARKET', 'priceMatch': 'NONE', 'selfTradePreventionMode': 'EXPIRE_MAKER', 'goodTillDate': 0, 'updateTime': 1774497568263}
2026-03-26 09:29:27,501 - INFO - Order placed successfully
2026-03-26 09:32:09,728 - INFO - Order Request | Symbol=BTCUSDT, Side=BUY, Type=MARKET, Quantity=0.002, Price=None
2026-03-26 09:32:10,224 - INFO - Response: {'orderId': 12994079127, 'symbol': 'BTCUSDT', 'status': 'NEW', 'clientOrderId': 'x-Cb7ytekJ91c75be9fae1bfcb45e51e', 'price': '0.00', 'avgPrice': '0.00', 'origQty': '0.002', 'executedQty': '0.000', 'cumQty': '0.000', 'cumQuote': '0.00000', 'timeInForce': 'GTC', 'type': 'MARKET', 'reduceOnly': False, 'closePosition': False, 'side': 'BUY', 'positionSide': 'BOTH', 'stopPrice': '0.00', 'workingType': 'CONTRACT_PRICE', 'priceProtect': False, 'origType': 'MARKET', 'priceMatch': 'NONE', 'selfTradePreventionMode': 'EXPIRE_MAKER', 'goodTillDate': 0, 'updateTime': 1774497730997}
2026-03-26 09:32:10,224 - INFO - Order placed successfully
2026-03-26 09:36:03,038 - INFO - Order Request | Symbol=BTCUSDT, Side=BUY, Type=MARKET, Quantity=-1.0, Price=None
2026-03-26 09:36:03,529 - INFO - Response: {'error': "APIError(code=-1102): Mandatory parameter 'quantity' was not sent, was empty/null, or malformed."}
2026-03-26 09:36:03,529 - ERROR - Order Failed: APIError(code=-1102): Mandatory parameter 'quantity' was not sent, was empty/null, or malformed.
2026-03-26 09:41:27,828 - ERROR - Validation Error: Quantity must be greater than 0
2026-03-26 09:42:12,012 - ERROR - Validation Error: Quantity must be greater than 0
2026-03-26 09:43:52,024 - ERROR - Validation Error: Quantity must be greater than 0
2026-03-26 09:44:04,700 - ERROR - Validation Error: Quantity must be greater than 0
2026-03-26 09:47:31,730 - INFO - Order Request | Symbol=BTCUSDT, Side=BUY, Type=MARKET, Quantity=0.002, Price=None
2026-03-26 09:47:32,613 - INFO - Response: {'orderId': 12994113844, 'symbol': 'BTCUSDT', 'status': 'NEW', 'clientOrderId': 'x-Cb7ytekJb0ca072580f660eeaf45b', 'price': '0.00', 'avgPrice': '0.00', 'origQty': '0.002', 'executedQty': '0.000', 'cumQty': '0.000', 'cumQuote': '0.00000', 'timeInForce': 'GTC', 'type': 'MARKET', 'reduceOnly': False, 'closePosition': False, 'side': 'BUY', 'positionSide': 'BOTH', 'stopPrice': '0.00', 'workingType': 'CONTRACT_PRICE', 'priceProtect': False, 'origType': 'MARKET', 'priceMatch': 'NONE', 'selfTradePreventionMode': 'EXPIRE_MAKER', 'goodTillDate': 0, 'updateTime': 1774498653342}
2026-03-26 09:47:32,614 - INFO - Order placed successfully
